0 info it worked if it ends with ok
1 verbose cli [ 'C:\\Program Files\\nodejs\\node.exe',
1 verbose cli   'C:\\Program Files\\nodejs\\node_modules\\npm\\bin\\npm-cli.js',
1 verbose cli   'run',
1 verbose cli   'build' ]
2 info using npm@3.10.10
3 info using node@v6.11.3
4 verbose run-script [ 'prebuild', 'build', 'postbuild' ]
5 info lifecycle dosociety@0.0.1~prebuild: dosociety@0.0.1
6 silly lifecycle dosociety@0.0.1~prebuild: no script for prebuild, continuing
7 info lifecycle dosociety@0.0.1~build: dosociety@0.0.1
8 verbose lifecycle dosociety@0.0.1~build: unsafe-perm in lifecycle true
9 verbose lifecycle dosociety@0.0.1~build: PATH: C:\Program Files\nodejs\node_modules\npm\bin\node-gyp-bin;C:\doSociety\site\node_modules\.bin;C:\doSociety\venv\Scripts;C:\Program Files (x86)\Borland\Delphi7\Bin;C:\Program Files (x86)\Borland\Delphi7\Projects\Bpl\;C:\Program Files (x86)\Intel\TXE Components\TCS\;C:\Program Files\Intel\TXE Components\TCS\;C:\Windows\system32;C:\Windows;C:\Windows\System32\Wbem;C:\Windows\System32\WindowsPowerShell\v1.0\;C:\Program Files\Hewlett-Packard\SimplePass\;C:\FPC\2.6.4\bin\i386-Win32;C:\Program Files (x86)\Skype\Phone\;C:\Program Files (x86)\PuTTY\;C:\Python27\;C:\Python27\Scripts;C:\Program Files\nodejs\;C:\Users\x\AppData\Roaming\npm
10 verbose lifecycle dosociety@0.0.1~build: CWD: C:\doSociety\site
11 silly lifecycle dosociety@0.0.1~build: Args: [ '/d /s /c', 'node node_modules/webpack/bin/webpack.js' ]
12 silly lifecycle dosociety@0.0.1~build: Returned: code: 2  signal: null
13 info lifecycle dosociety@0.0.1~build: Failed to exec build script
14 verbose stack Error: dosociety@0.0.1 build: `node node_modules/webpack/bin/webpack.js`
14 verbose stack Exit status 2
14 verbose stack     at EventEmitter.<anonymous> (C:\Program Files\nodejs\node_modules\npm\lib\utils\lifecycle.js:255:16)
14 verbose stack     at emitTwo (events.js:106:13)
14 verbose stack     at EventEmitter.emit (events.js:191:7)
14 verbose stack     at ChildProcess.<anonymous> (C:\Program Files\nodejs\node_modules\npm\lib\utils\spawn.js:40:14)
14 verbose stack     at emitTwo (events.js:106:13)
14 verbose stack     at ChildProcess.emit (events.js:191:7)
14 verbose stack     at maybeClose (internal/child_process.js:920:16)
14 verbose stack     at Process.ChildProcess._handle.onexit (internal/child_process.js:230:5)
15 verbose pkgid dosociety@0.0.1
16 verbose cwd C:\doSociety\site
17 error Windows_NT 6.3.9600
18 error argv "C:\\Program Files\\nodejs\\node.exe" "C:\\Program Files\\nodejs\\node_modules\\npm\\bin\\npm-cli.js" "run" "build"
19 error node v6.11.3
20 error npm  v3.10.10
21 error code ELIFECYCLE
22 error dosociety@0.0.1 build: `node node_modules/webpack/bin/webpack.js`
22 error Exit status 2
23 error Failed at the dosociety@0.0.1 build script 'node node_modules/webpack/bin/webpack.js'.
23 error Make sure you have the latest version of node.js and npm installed.
23 error If you do, this is most likely a problem with the dosociety package,
23 error not with npm itself.
23 error Tell the author that this fails on your system:
23 error     node node_modules/webpack/bin/webpack.js
23 error You can get information on how to open an issue for this project with:
23 error     npm bugs dosociety
23 error Or if that isn't available, you can get their info via:
23 error     npm owner ls dosociety
23 error There is likely additional logging output above.
24 verbose exit [ 1, true ]
